0 info it worked if it ends with ok
1 verbose cli [ '/Users/stephensalzer/.node/bin/node',
1 verbose cli   '/Users/stephensalzer/.node/bin/npm',
1 verbose cli   'run',
1 verbose cli   'dev' ]
2 info using npm@2.14.7
3 info using node@v4.2.3
4 verbose stack Error: Failed to parse json
4 verbose stack Unexpected end of input at 18:2
4 verbose stack
4 verbose stack ^
4 verbose stack     at parseError (/Users/stephensalzer/.node/lib/node_modules/npm/node_modules/read-package-json/read-json.js:379:11)
4 verbose stack     at parseJson (/Users/stephensalzer/.node/lib/node_modules/npm/node_modules/read-package-json/read-json.js:68:23)
4 verbose stack     at /Users/stephensalzer/.node/lib/node_modules/npm/node_modules/read-package-json/read-json.js:48:5
4 verbose stack     at /Users/stephensalzer/.node/lib/node_modules/npm/node_modules/graceful-fs/graceful-fs.js:76:16
4 verbose stack     at FSReqWrap.readFileAfterClose [as oncomplete] (fs.js:380:3)
5 verbose cwd /Users/stephensalzer/401/webpack
6 error Darwin 15.3.0
7 error argv "/Users/stephensalzer/.node/bin/node" "/Users/stephensalzer/.node/bin/npm" "run" "dev"
8 error node v4.2.3
9 error npm  v2.14.7
10 error file /Users/stephensalzer/401/webpack/package.json
11 error code EJSONPARSE
12 error Failed to parse json
12 error Unexpected end of input at 18:2
12 error
12 error ^
13 error File: /Users/stephensalzer/401/webpack/package.json
14 error Failed to parse package.json data.
14 error package.json must be actual JSON, not just JavaScript.
14 error
14 error This is not a bug in npm.
14 error Tell the package author to fix their package.json file. JSON.parse
15 verbose exit [ 1, true ]
